Start testing: Apr 26 23:07 CST
----------------------------------------------------------
1/8 Testing: [0mDemuxerTest.OpensValidMediaFileAndGetsDuration
1/8 Test: [0mDemuxerTest.OpensValidMediaFileAndGetsDuration
Command: "/home/gew/work/tutorial/Audio-Video-Player/build/tests/av_player_tests" "--gtest_filter=__osb0mDemuxerTest.OpensValidMediaFileAndGetsDuration" "--gtest_also_run_disabled_tests"
Directory: /home/gew/work/tutorial/Audio-Video-Player/build/tests
"[0mDemuxerTest.OpensValidMediaFileAndGetsDuration" start time: Apr 26 23:07 CST
Output:
----------------------------------------------------------
[32m[2026-04-26 23:07:49.041] [INFO ] [demuxer_test.cc:120] Starting AVPlayer Demuxer Test Suite
[0mNote: Google Test filter = __osb0mDemuxerTest.OpensValidMediaFileAndGetsDuration
[==========] Running 0 tests from 0 test suites.
[==========] 0 tests from 0 test suites ran. (0 ms total)
[  PASSED  ] 0 tests.
WARNING: filter "__osb0mDemuxerTest.OpensValidMediaFileAndGetsDuration" did not match any test; no tests were run
[32m[2026-04-26 23:07:49.041] [INFO ] [demuxer_test.cc:125] Test Suite Finished with code: 0
[0m
<end of output>
Test time =   0.02 sec
----------------------------------------------------------
Test Passed.
"[0mDemuxerTest.OpensValidMediaFileAndGetsDuration" end time: Apr 26 23:07 CST
"[0mDemuxerTest.OpensValidMediaFileAndGetsDuration" time elapsed: 00:00:00
----------------------------------------------------------

2/8 Testing: [0mDemuxerTest.DiscoversAudioAndVideoStreams
2/8 Test: [0mDemuxerTest.DiscoversAudioAndVideoStreams
Command: "/home/gew/work/tutorial/Audio-Video-Player/build/tests/av_player_tests" "--gtest_filter=__osb0mDemuxerTest.DiscoversAudioAndVideoStreams" "--gtest_also_run_disabled_tests"
Directory: /home/gew/work/tutorial/Audio-Video-Player/build/tests
"[0mDemuxerTest.DiscoversAudioAndVideoStreams" start time: Apr 26 23:07 CST
Output:
----------------------------------------------------------
[32m[2026-04-26 23:07:49.057] [INFO ] [demuxer_test.cc:120] Starting AVPlayer Demuxer Test Suite
[0mNote: Google Test filter = __osb0mDemuxerTest.DiscoversAudioAndVideoStreams
[==========] Running 0 tests from 0 test suites.
[==========] 0 tests from 0 test suites ran. (0 ms total)
[  PASSED  ] 0 tests.
WARNING: filter "__osb0mDemuxerTest.DiscoversAudioAndVideoStreams" did not match any test; no tests were run
[32m[2026-04-26 23:07:49.057] [INFO ] [demuxer_test.cc:125] Test Suite Finished with code: 0
[0m
<end of output>
Test time =   0.02 sec
----------------------------------------------------------
Test Passed.
"[0mDemuxerTest.DiscoversAudioAndVideoStreams" end time: Apr 26 23:07 CST
"[0mDemuxerTest.DiscoversAudioAndVideoStreams" time elapsed: 00:00:00
----------------------------------------------------------

3/8 Testing: [0mDemuxerTest.PullsPacketsContinuously
3/8 Test: [0mDemuxerTest.PullsPacketsContinuously
Command: "/home/gew/work/tutorial/Audio-Video-Player/build/tests/av_player_tests" "--gtest_filter=__osb0mDemuxerTest.PullsPacketsContinuously" "--gtest_also_run_disabled_tests"
Directory: /home/gew/work/tutorial/Audio-Video-Player/build/tests
"[0mDemuxerTest.PullsPacketsContinuously" start time: Apr 26 23:07 CST
Output:
----------------------------------------------------------
[32m[2026-04-26 23:07:49.072] [INFO ] [demuxer_test.cc:120] Starting AVPlayer Demuxer Test Suite
[0mNote: Google Test filter = __osb0mDemuxerTest.PullsPacketsContinuously
[==========] Running 0 tests from 0 test suites.
[==========] 0 tests from 0 test suites ran. (0 ms total)
[  PASSED  ] 0 tests.
WARNING: filter "__osb0mDemuxerTest.PullsPacketsContinuously" did not match any test; no tests were run
[32m[2026-04-26 23:07:49.072] [INFO ] [demuxer_test.cc:125] Test Suite Finished with code: 0
[0m
<end of output>
Test time =   0.01 sec
----------------------------------------------------------
Test Passed.
"[0mDemuxerTest.PullsPacketsContinuously" end time: Apr 26 23:07 CST
"[0mDemuxerTest.PullsPacketsContinuously" time elapsed: 00:00:00
----------------------------------------------------------

4/8 Testing: [0mDemuxerTest.SeeksToSpecificTimestamp
4/8 Test: [0mDemuxerTest.SeeksToSpecificTimestamp
Command: "/home/gew/work/tutorial/Audio-Video-Player/build/tests/av_player_tests" "--gtest_filter=__osb0mDemuxerTest.SeeksToSpecificTimestamp" "--gtest_also_run_disabled_tests"
Directory: /home/gew/work/tutorial/Audio-Video-Player/build/tests
"[0mDemuxerTest.SeeksToSpecificTimestamp" start time: Apr 26 23:07 CST
Output:
----------------------------------------------------------
[32m[2026-04-26 23:07:49.087] [INFO ] [demuxer_test.cc:120] Starting AVPlayer Demuxer Test Suite
[0mNote: Google Test filter = __osb0mDemuxerTest.SeeksToSpecificTimestamp
[==========] Running 0 tests from 0 test suites.
[==========] 0 tests from 0 test suites ran. (0 ms total)
[  PASSED  ] 0 tests.
WARNING: filter "__osb0mDemuxerTest.SeeksToSpecificTimestamp" did not match any test; no tests were run
[32m[2026-04-26 23:07:49.087] [INFO ] [demuxer_test.cc:125] Test Suite Finished with code: 0
[0m
<end of output>
Test time =   0.02 sec
----------------------------------------------------------
Test Passed.
"[0mDemuxerTest.SeeksToSpecificTimestamp" end time: Apr 26 23:07 CST
"[0mDemuxerTest.SeeksToSpecificTimestamp" time elapsed: 00:00:00
----------------------------------------------------------

5/8 Testing: DecoderTest.OpensVideoDecoderSuccessfully
5/8 Test: DecoderTest.OpensVideoDecoderSuccessfully
Command: "/home/gew/work/tutorial/Audio-Video-Player/build/tests/av_player_tests" "--gtest_filter=DecoderTest.OpensVideoDecoderSuccessfully" "--gtest_also_run_disabled_tests"
Directory: /home/gew/work/tutorial/Audio-Video-Player/build/tests
"DecoderTest.OpensVideoDecoderSuccessfully" start time: Apr 26 23:07 CST
Output:
----------------------------------------------------------
[32m[2026-04-26 23:07:49.103] [INFO ] [demuxer_test.cc:120] Starting AVPlayer Demuxer Test Suite
[0mNote: Google Test filter = DecoderTest.OpensVideoDecoderSuccessfully
[==========] Running 1 test from 1 test suite.
[----------] Global test environment set-up.
[----------] 1 test from DecoderTest
[ RUN      ] DecoderTest.OpensVideoDecoderSuccessfully
[32m[2026-04-26 23:07:49.103] [INFO ] [packet_producer.cc:13] PacketProducer created. Video Queue: 200, Audio Queue: 500
[0m[32m[2026-04-26 23:07:49.103] [INFO ] [demuxer.cc:20] Demuxer opening media file: ../../assets/LA.mp4
[0m[32m[2026-04-26 23:07:49.114] [INFO ] [demuxer.cc:43] Duration: 85s, Streams: 2
[0m[32m[2026-04-26 23:07:49.114] [INFO ] [demuxer.cc:52] Video stream at index: 0, Audio stream at index: 1
[0m[32m[2026-04-26 23:07:49.114] [INFO ] [packet_producer.cc:29] PacketProducer successfully opened: ../../assets/LA.mp4
[0m[32m[2026-04-26 23:07:49.114] [INFO ] [packet_producer.cc:46] Starting PacketProducer thread...
[0m[32m[2026-04-26 23:07:49.114] [INFO ] [packet_producer.cc:99] PacketProducer background thread running
[0m[32m[2026-04-26 23:07:49.118] [INFO ] [decoder.cc:69] Video Decoder info: 1920x1080, Pixel format: yuv420p
[0m[32m[2026-04-26 23:07:49.118] [INFO ] [decoder_test.cc:47] Video Decoder initialized. Resolution: 1920x1080
[0m[32m[2026-04-26 23:07:49.118] [INFO ] [decoder.cc:15] Decoder Destroying
[0m[32m[2026-04-26 23:07:49.118] [INFO ] [decoder.cc:91] Closing decoder...
[0m[32m[2026-04-26 23:07:49.119] [INFO ] [packet_producer.cc:58] Stopping PacketProducer thread...
[0m[32m[2026-04-26 23:07:49.119] [INFO ] [packet_producer.cc:146] PacketProducer background thread exited
[0m[32m[2026-04-26 23:07:49.119] [INFO ] [demuxer.cc:60] Closing demuxer...
[0m[32m[2026-04-26 23:07:49.119] [INFO ] [packet_producer.cc:40] PacketProducer closed
[0m[32m[2026-04-26 23:07:49.119] [INFO ] [packet_producer.cc:18] PacketProducer Destroying
[0m[32m[2026-04-26 23:07:49.119] [INFO ] [packet_producer.cc:40] PacketProducer closed
[0m[32m[2026-04-26 23:07:49.119] [INFO ] [demuxer.cc:15] Demuxer Destroying
[0m[       OK ] DecoderTest.OpensVideoDecoderSuccessfully (15 ms)
[----------] 1 test from DecoderTest (15 ms total)

[----------] Global test environment tear-down
[==========] 1 test from 1 test suite ran. (15 ms total)
[  PASSED  ] 1 test.
[32m[2026-04-26 23:07:49.119] [INFO ] [demuxer_test.cc:125] Test Suite Finished with code: 0
[0m
<end of output>
Test time =   0.03 sec
----------------------------------------------------------
Test Passed.
"DecoderTest.OpensVideoDecoderSuccessfully" end time: Apr 26 23:07 CST
"DecoderTest.OpensVideoDecoderSuccessfully" time elapsed: 00:00:00
----------------------------------------------------------

6/8 Testing: DecoderTest.OpensAudioDecoderSuccessfully
6/8 Test: DecoderTest.OpensAudioDecoderSuccessfully
Command: "/home/gew/work/tutorial/Audio-Video-Player/build/tests/av_player_tests" "--gtest_filter=DecoderTest.OpensAudioDecoderSuccessfully" "--gtest_also_run_disabled_tests"
Directory: /home/gew/work/tutorial/Audio-Video-Player/build/tests
"DecoderTest.OpensAudioDecoderSuccessfully" start time: Apr 26 23:07 CST
Output:
----------------------------------------------------------
[32m[2026-04-26 23:07:49.135] [INFO ] [demuxer_test.cc:120] Starting AVPlayer Demuxer Test Suite
[0mNote: Google Test filter = DecoderTest.OpensAudioDecoderSuccessfully
[==========] Running 1 test from 1 test suite.
[----------] Global test environment set-up.
[----------] 1 test from DecoderTest
[ RUN      ] DecoderTest.OpensAudioDecoderSuccessfully
[32m[2026-04-26 23:07:49.135] [INFO ] [packet_producer.cc:13] PacketProducer created. Video Queue: 200, Audio Queue: 500
[0m[32m[2026-04-26 23:07:49.135] [INFO ] [demuxer.cc:20] Demuxer opening media file: ../../assets/LA.mp4
[0m[32m[2026-04-26 23:07:49.145] [INFO ] [demuxer.cc:43] Duration: 85s, Streams: 2
[0m[32m[2026-04-26 23:07:49.145] [INFO ] [demuxer.cc:52] Video stream at index: 0, Audio stream at index: 1
[0m[32m[2026-04-26 23:07:49.145] [INFO ] [packet_producer.cc:29] PacketProducer successfully opened: ../../assets/LA.mp4
[0m[32m[2026-04-26 23:07:49.145] [INFO ] [packet_producer.cc:46] Starting PacketProducer thread...
[0m[32m[2026-04-26 23:07:49.145] [INFO ] [packet_producer.cc:99] PacketProducer background thread running
[0m[32m[2026-04-26 23:07:49.145] [INFO ] [decoder.cc:79] Audio Decoder info: 48000Hz, 2 channels, Format: fltp
[0m[32m[2026-04-26 23:07:49.145] [INFO ] [decoder_test.cc:72] Audio Decoder initialized. Sample Rate: 48000Hz
[0m[32m[2026-04-26 23:07:49.145] [INFO ] [decoder.cc:15] Decoder Destroying
[0m[32m[2026-04-26 23:07:49.145] [INFO ] [decoder.cc:91] Closing decoder...
[0m[32m[2026-04-26 23:07:49.145] [INFO ] [packet_producer.cc:58] Stopping PacketProducer thread...
[0m[32m[2026-04-26 23:07:49.145] [INFO ] [packet_producer.cc:146] PacketProducer background thread exited
[0m[32m[2026-04-26 23:07:49.145] [INFO ] [demuxer.cc:60] Closing demuxer...
[0m[32m[2026-04-26 23:07:49.145] [INFO ] [packet_producer.cc:40] PacketProducer closed
[0m[32m[2026-04-26 23:07:49.145] [INFO ] [packet_producer.cc:18] PacketProducer Destroying
[0m[32m[2026-04-26 23:07:49.145] [INFO ] [packet_producer.cc:40] PacketProducer closed
[0m[32m[2026-04-26 23:07:49.145] [INFO ] [demuxer.cc:15] Demuxer Destroying
[0m[       OK ] DecoderTest.OpensAudioDecoderSuccessfully (10 ms)
[----------] 1 test from DecoderTest (10 ms total)

[----------] Global test environment tear-down
[==========] 1 test from 1 test suite ran. (10 ms total)
[  PASSED  ] 1 test.
[32m[2026-04-26 23:07:49.145] [INFO ] [demuxer_test.cc:125] Test Suite Finished with code: 0
[0m
<end of output>
Test time =   0.03 sec
----------------------------------------------------------
Test Passed.
"DecoderTest.OpensAudioDecoderSuccessfully" end time: Apr 26 23:07 CST
"DecoderTest.OpensAudioDecoderSuccessfully" time elapsed: 00:00:00
----------------------------------------------------------

7/8 Testing: DecoderTest.DecodesVideoFramesPipeline
7/8 Test: DecoderTest.DecodesVideoFramesPipeline
Command: "/home/gew/work/tutorial/Audio-Video-Player/build/tests/av_player_tests" "--gtest_filter=DecoderTest.DecodesVideoFramesPipeline" "--gtest_also_run_disabled_tests"
Directory: /home/gew/work/tutorial/Audio-Video-Player/build/tests
"DecoderTest.DecodesVideoFramesPipeline" start time: Apr 26 23:07 CST
Output:
----------------------------------------------------------
[32m[2026-04-26 23:07:49.165] [INFO ] [demuxer_test.cc:120] Starting AVPlayer Demuxer Test Suite
[0mNote: Google Test filter = DecoderTest.DecodesVideoFramesPipeline
[==========] Running 1 test from 1 test suite.
[----------] Global test environment set-up.
[----------] 1 test from DecoderTest
[ RUN      ] DecoderTest.DecodesVideoFramesPipeline
[32m[2026-04-26 23:07:49.165] [INFO ] [packet_producer.cc:13] PacketProducer created. Video Queue: 200, Audio Queue: 500
[0m[32m[2026-04-26 23:07:49.165] [INFO ] [demuxer.cc:20] Demuxer opening media file: ../../assets/LA.mp4
[0m[32m[2026-04-26 23:07:49.175] [INFO ] [demuxer.cc:43] Duration: 85s, Streams: 2
[0m[32m[2026-04-26 23:07:49.175] [INFO ] [demuxer.cc:52] Video stream at index: 0, Audio stream at index: 1
[0m[32m[2026-04-26 23:07:49.175] [INFO ] [packet_producer.cc:29] PacketProducer successfully opened: ../../assets/LA.mp4
[0m[32m[2026-04-26 23:07:49.175] [INFO ] [packet_producer.cc:46] Starting PacketProducer thread...
[0m[32m[2026-04-26 23:07:49.176] [INFO ] [packet_producer.cc:99] PacketProducer background thread running
[0m[32m[2026-04-26 23:07:49.180] [INFO ] [decoder.cc:69] Video Decoder info: 1920x1080, Pixel format: yuv420p
[0m[32m[2026-04-26 23:07:49.229] [INFO ] [decoder_test.cc:115] Successfully decoded video frame 1 [PTS: 0]
[0m[32m[2026-04-26 23:07:49.231] [INFO ] [decoder_test.cc:115] Successfully decoded video frame 2 [PTS: 528]
[0m[32m[2026-04-26 23:07:49.233] [INFO ] [decoder_test.cc:115] Successfully decoded video frame 3 [PTS: 1072]
[0m[32m[2026-04-26 23:07:49.234] [INFO ] [decoder_test.cc:115] Successfully decoded video frame 4 [PTS: 1600]
[0m[32m[2026-04-26 23:07:49.234] [INFO ] [decoder_test.cc:115] Successfully decoded video frame 5 [PTS: 2128]
[0m[32m[2026-04-26 23:07:49.234] [INFO ] [decoder.cc:15] Decoder Destroying
[0m[32m[2026-04-26 23:07:49.234] [INFO ] [decoder.cc:91] Closing decoder...
[0m[32m[2026-04-26 23:07:49.244] [INFO ] [packet_producer.cc:58] Stopping PacketProducer thread...
[0m[32m[2026-04-26 23:07:49.244] [INFO ] [packet_producer.cc:146] PacketProducer background thread exited
[0m[32m[2026-04-26 23:07:49.244] [INFO ] [demuxer.cc:60] Closing demuxer...
[0m[32m[2026-04-26 23:07:49.244] [INFO ] [packet_producer.cc:40] PacketProducer closed
[0m[32m[2026-04-26 23:07:49.244] [INFO ] [packet_producer.cc:18] PacketProducer Destroying
[0m[32m[2026-04-26 23:07:49.244] [INFO ] [packet_producer.cc:40] PacketProducer closed
[0m[32m[2026-04-26 23:07:49.244] [INFO ] [demuxer.cc:15] Demuxer Destroying
[0m[       OK ] DecoderTest.DecodesVideoFramesPipeline (79 ms)
[----------] 1 test from DecoderTest (79 ms total)

[----------] Global test environment tear-down
[==========] 1 test from 1 test suite ran. (79 ms total)
[  PASSED  ] 1 test.
[32m[2026-04-26 23:07:49.244] [INFO ] [demuxer_test.cc:125] Test Suite Finished with code: 0
[0m
<end of output>
Test time =   0.11 sec
----------------------------------------------------------
Test Passed.
"DecoderTest.DecodesVideoFramesPipeline" end time: Apr 26 23:07 CST
"DecoderTest.DecodesVideoFramesPipeline" time elapsed: 00:00:00
----------------------------------------------------------

8/8 Testing: DecoderTest.FlushesDecoderAfterSeek
8/8 Test: DecoderTest.FlushesDecoderAfterSeek
Command: "/home/gew/work/tutorial/Audio-Video-Player/build/tests/av_player_tests" "--gtest_filter=DecoderTest.FlushesDecoderAfterSeek" "--gtest_also_run_disabled_tests"
Directory: /home/gew/work/tutorial/Audio-Video-Player/build/tests
"DecoderTest.FlushesDecoderAfterSeek" start time: Apr 26 23:07 CST
Output:
----------------------------------------------------------
[32m[2026-04-26 23:07:49.270] [INFO ] [demuxer_test.cc:120] Starting AVPlayer Demuxer Test Suite
[0mNote: Google Test filter = DecoderTest.FlushesDecoderAfterSeek
[==========] Running 1 test from 1 test suite.
[----------] Global test environment set-up.
[----------] 1 test from DecoderTest
[ RUN      ] DecoderTest.FlushesDecoderAfterSeek
[32m[2026-04-26 23:07:49.271] [INFO ] [packet_producer.cc:13] PacketProducer created. Video Queue: 200, Audio Queue: 500
[0m[32m[2026-04-26 23:07:49.271] [INFO ] [demuxer.cc:20] Demuxer opening media file: ../../assets/LA.mp4
[0m[32m[2026-04-26 23:07:49.282] [INFO ] [demuxer.cc:43] Duration: 85s, Streams: 2
[0m[32m[2026-04-26 23:07:49.282] [INFO ] [demuxer.cc:52] Video stream at index: 0, Audio stream at index: 1
[0m[32m[2026-04-26 23:07:49.282] [INFO ] [packet_producer.cc:29] PacketProducer successfully opened: ../../assets/LA.mp4
[0m[32m[2026-04-26 23:07:49.282] [INFO ] [packet_producer.cc:46] Starting PacketProducer thread...
[0m[32m[2026-04-26 23:07:49.282] [INFO ] [packet_producer.cc:99] PacketProducer background thread running
[0m[32m[2026-04-26 23:07:49.287] [INFO ] [decoder.cc:69] Video Decoder info: 1920x1080, Pixel format: yuv420p
[0m[32m[2026-04-26 23:07:49.356] [INFO ] [packet_producer.cc:75] PacketProducer seeking to 5000000 us
[0m[32m[2026-04-26 23:07:49.357] [INFO ] [packet_producer.cc:106] PacketProducer executing seek to 5000000us
[0m[35m[2026-04-26 23:07:49.357] [DEBUG] [demuxer.cc:119] Demxuer first seeking to 5000000us 
[0m[32m[2026-04-26 23:07:49.357] [INFO ] [decoder.cc:98] Flushing decoder buffers
[0m[32m[2026-04-26 23:07:49.363] [INFO ] [decoder_test.cc:153] Decoder flushed successfully after seek
[0m[32m[2026-04-26 23:07:49.375] [INFO ] [decoder.cc:15] Decoder Destroying
[0m[32m[2026-04-26 23:07:49.376] [INFO ] [decoder.cc:91] Closing decoder...
[0m[32m[2026-04-26 23:07:49.391] [INFO ] [packet_producer.cc:58] Stopping PacketProducer thread...
[0m[32m[2026-04-26 23:07:49.391] [INFO ] [packet_producer.cc:146] PacketProducer background thread exited
[0m[32m[2026-04-26 23:07:49.391] [INFO ] [demuxer.cc:60] Closing demuxer...
[0m[32m[2026-04-26 23:07:49.391] [INFO ] [packet_producer.cc:40] PacketProducer closed
[0m[32m[2026-04-26 23:07:49.391] [INFO ] [packet_producer.cc:18] PacketProducer Destroying
[0m[32m[2026-04-26 23:07:49.391] [INFO ] [packet_producer.cc:40] PacketProducer closed
[0m[32m[2026-04-26 23:07:49.391] [INFO ] [demuxer.cc:15] Demuxer Destroying
[0m[       OK ] DecoderTest.FlushesDecoderAfterSeek (120 ms)
[----------] 1 test from DecoderTest (120 ms total)

[----------] Global test environment tear-down
[==========] 1 test from 1 test suite ran. (121 ms total)
[  PASSED  ] 1 test.
[32m[2026-04-26 23:07:49.392] [INFO ] [demuxer_test.cc:125] Test Suite Finished with code: 0
[0m
<end of output>
Test time =   0.15 sec
----------------------------------------------------------
Test Passed.
"DecoderTest.FlushesDecoderAfterSeek" end time: Apr 26 23:07 CST
"DecoderTest.FlushesDecoderAfterSeek" time elapsed: 00:00:00
----------------------------------------------------------

End testing: Apr 26 23:07 CST
