Start testing: Apr 24 17:25 CST
----------------------------------------------------------
1/15 Testing: DemuxerTest.OpenFile
1/15 Test: DemuxerTest.OpenFile
Command: "/home/gew/work/tutorial/Audio-Video-Player/build/tests/av_player_tests" "--gtest_filter=DemuxerTest.OpenFile" "--gtest_also_run_disabled_tests"
Directory: /home/gew/work/tutorial/Audio-Video-Player/build/tests
"DemuxerTest.OpenFile" start time: Apr 24 17:25 CST
Output:
----------------------------------------------------------
Running main() from /home/gew/work/tutorial/Audio-Video-Player/build/_deps/googletest-src/googletest/src/gtest_main.cc
Note: Google Test filter = DemuxerTest.OpenFile
[==========] Running 1 test from 1 test suite.
[----------] Global test environment set-up.
[----------] 1 test from DemuxerTest
[ RUN      ] DemuxerTest.OpenFile
[32m[2026-04-24 17:25:19.508] [INFO ] [demuxer.cc:19] Opening media file: ../../assets/LA.mp4
[0m[32m[2026-04-24 17:25:19.518] [INFO ] [demuxer.cc:37] Found video stream at index 0
[0m[32m[2026-04-24 17:25:19.518] [INFO ] [demuxer.cc:43] Found audio stream at index 1
[0m[32m[2026-04-24 17:25:19.518] [INFO ] [demuxer_test.cc:24] Duration: 85226333 us
[0m[32m[2026-04-24 17:25:19.518] [INFO ] [demuxer.cc:14] Destroying Demuxer
[0m[32m[2026-04-24 17:25:19.518] [INFO ] [demuxer.cc:50] Closing demuxer
[0m[       OK ] DemuxerTest.OpenFile (10 ms)
[----------] 1 test from DemuxerTest (10 ms total)

[----------] Global test environment tear-down
[==========] 1 test from 1 test suite ran. (10 ms total)
[  PASSED  ] 1 test.
<end of output>
Test time =   0.03 sec
----------------------------------------------------------
Test Passed.
"DemuxerTest.OpenFile" end time: Apr 24 17:25 CST
"DemuxerTest.OpenFile" time elapsed: 00:00:00
----------------------------------------------------------

2/15 Testing: DemuxerTest.StreamDiscovery
2/15 Test: DemuxerTest.StreamDiscovery
Command: "/home/gew/work/tutorial/Audio-Video-Player/build/tests/av_player_tests" "--gtest_filter=DemuxerTest.StreamDiscovery" "--gtest_also_run_disabled_tests"
Directory: /home/gew/work/tutorial/Audio-Video-Player/build/tests
"DemuxerTest.StreamDiscovery" start time: Apr 24 17:25 CST
Output:
----------------------------------------------------------
Running main() from /home/gew/work/tutorial/Audio-Video-Player/build/_deps/googletest-src/googletest/src/gtest_main.cc
Note: Google Test filter = DemuxerTest.StreamDiscovery
[==========] Running 1 test from 1 test suite.
[----------] Global test environment set-up.
[----------] 1 test from DemuxerTest
[ RUN      ] DemuxerTest.StreamDiscovery
[32m[2026-04-24 17:25:19.539] [INFO ] [demuxer.cc:19] Opening media file: ../../assets/LA.mp4
[0m[32m[2026-04-24 17:25:19.548] [INFO ] [demuxer.cc:37] Found video stream at index 0
[0m[32m[2026-04-24 17:25:19.548] [INFO ] [demuxer.cc:43] Found audio stream at index 1
[0m[32m[2026-04-24 17:25:19.548] [INFO ] [demuxer_test.cc:36] Video Index: 0, Audio Index: 1
[0m[32m[2026-04-24 17:25:19.548] [INFO ] [demuxer.cc:14] Destroying Demuxer
[0m[32m[2026-04-24 17:25:19.548] [INFO ] [demuxer.cc:50] Closing demuxer
[0m[       OK ] DemuxerTest.StreamDiscovery (9 ms)
[----------] 1 test from DemuxerTest (9 ms total)

[----------] Global test environment tear-down
[==========] 1 test from 1 test suite ran. (9 ms total)
[  PASSED  ] 1 test.
<end of output>
Test time =   0.03 sec
----------------------------------------------------------
Test Passed.
"DemuxerTest.StreamDiscovery" end time: Apr 24 17:25 CST
"DemuxerTest.StreamDiscovery" time elapsed: 00:00:00
----------------------------------------------------------

3/15 Testing: DemuxerTest.ReadPackets
3/15 Test: DemuxerTest.ReadPackets
Command: "/home/gew/work/tutorial/Audio-Video-Player/build/tests/av_player_tests" "--gtest_filter=DemuxerTest.ReadPackets" "--gtest_also_run_disabled_tests"
Directory: /home/gew/work/tutorial/Audio-Video-Player/build/tests
"DemuxerTest.ReadPackets" start time: Apr 24 17:25 CST
Output:
----------------------------------------------------------
Running main() from /home/gew/work/tutorial/Audio-Video-Player/build/_deps/googletest-src/googletest/src/gtest_main.cc
Note: Google Test filter = DemuxerTest.ReadPackets
[==========] Running 1 test from 1 test suite.
[----------] Global test environment set-up.
[----------] 1 test from DemuxerTest
[ RUN      ] DemuxerTest.ReadPackets
[32m[2026-04-24 17:25:19.569] [INFO ] [demuxer.cc:19] Opening media file: ../../assets/LA.mp4
[0m[32m[2026-04-24 17:25:19.579] [INFO ] [demuxer.cc:37] Found video stream at index 0
[0m[32m[2026-04-24 17:25:19.579] [INFO ] [demuxer.cc:43] Found audio stream at index 1
[0m[32m[2026-04-24 17:25:19.579] [INFO ] [demuxer_test.cc:59] Successfully read 50 packets
[0m[32m[2026-04-24 17:25:19.579] [INFO ] [demuxer.cc:14] Destroying Demuxer
[0m[32m[2026-04-24 17:25:19.579] [INFO ] [demuxer.cc:50] Closing demuxer
[0m[       OK ] DemuxerTest.ReadPackets (9 ms)
[----------] 1 test from DemuxerTest (9 ms total)

[----------] Global test environment tear-down
[==========] 1 test from 1 test suite ran. (9 ms total)
[  PASSED  ] 1 test.
<end of output>
Test time =   0.03 sec
----------------------------------------------------------
Test Passed.
"DemuxerTest.ReadPackets" end time: Apr 24 17:25 CST
"DemuxerTest.ReadPackets" time elapsed: 00:00:00
----------------------------------------------------------

4/15 Testing: DemuxerTest.SeekTest
4/15 Test: DemuxerTest.SeekTest
Command: "/home/gew/work/tutorial/Audio-Video-Player/build/tests/av_player_tests" "--gtest_filter=DemuxerTest.SeekTest" "--gtest_also_run_disabled_tests"
Directory: /home/gew/work/tutorial/Audio-Video-Player/build/tests
"DemuxerTest.SeekTest" start time: Apr 24 17:25 CST
Output:
----------------------------------------------------------
Running main() from /home/gew/work/tutorial/Audio-Video-Player/build/_deps/googletest-src/googletest/src/gtest_main.cc
Note: Google Test filter = DemuxerTest.SeekTest
[==========] Running 1 test from 1 test suite.
[----------] Global test environment set-up.
[----------] 1 test from DemuxerTest
[ RUN      ] DemuxerTest.SeekTest
[32m[2026-04-24 17:25:19.605] [INFO ] [demuxer.cc:19] Opening media file: ../../assets/LA.mp4
[0m[32m[2026-04-24 17:25:19.614] [INFO ] [demuxer.cc:37] Found video stream at index 0
[0m[32m[2026-04-24 17:25:19.614] [INFO ] [demuxer.cc:43] Found audio stream at index 1
[0m[35m[2026-04-24 17:25:19.614] [DEBUG] [demuxer.cc:114] Seeking to 2000000us (target: 32000)
[0m[32m[2026-04-24 17:25:19.614] [INFO ] [demuxer.cc:14] Destroying Demuxer
[0m[32m[2026-04-24 17:25:19.614] [INFO ] [demuxer.cc:50] Closing demuxer
[0m[       OK ] DemuxerTest.SeekTest (9 ms)
[----------] 1 test from DemuxerTest (9 ms total)

[----------] Global test environment tear-down
[==========] 1 test from 1 test suite ran. (9 ms total)
[  PASSED  ] 1 test.
<end of output>
Test time =   0.04 sec
----------------------------------------------------------
Test Passed.
"DemuxerTest.SeekTest" end time: Apr 24 17:25 CST
"DemuxerTest.SeekTest" time elapsed: 00:00:00
----------------------------------------------------------

5/15 Testing: DecoderTest.OpenVideoDecoder
5/15 Test: DecoderTest.OpenVideoDecoder
Command: "/home/gew/work/tutorial/Audio-Video-Player/build/tests/av_player_tests" "--gtest_filter=DecoderTest.OpenVideoDecoder" "--gtest_also_run_disabled_tests"
Directory: /home/gew/work/tutorial/Audio-Video-Player/build/tests
"DecoderTest.OpenVideoDecoder" start time: Apr 24 17:25 CST
Output:
----------------------------------------------------------
Running main() from /home/gew/work/tutorial/Audio-Video-Player/build/_deps/googletest-src/googletest/src/gtest_main.cc
Note: Google Test filter = DecoderTest.OpenVideoDecoder
[==========] Running 1 test from 1 test suite.
[----------] Global test environment set-up.
[----------] 1 test from DecoderTest
[ RUN      ] DecoderTest.OpenVideoDecoder
[32m[2026-04-24 17:25:19.635] [INFO ] [demuxer.cc:19] Opening media file: ../../assets/LA.mp4
[0m[32m[2026-04-24 17:25:19.645] [INFO ] [demuxer.cc:37] Found video stream at index 0
[0m[32m[2026-04-24 17:25:19.645] [INFO ] [demuxer.cc:43] Found audio stream at index 1
[0m[32m[2026-04-24 17:25:19.645] [INFO ] [decoder.cc:61] Video decoder initialized: 1920x1080, Pixel format: yuv420p
[0m[32m[2026-04-24 17:25:19.645] [INFO ] [decoder_test.cc:40] Video Test Passed. Resolution: 1920x1080
[0m[32m[2026-04-24 17:25:19.645] [INFO ] [decoder.cc:15] Destroying Decoder
[0m[32m[2026-04-24 17:25:19.645] [INFO ] [decoder.cc:83] Closing decoder
[0m[32m[2026-04-24 17:25:19.645] [INFO ] [demuxer.cc:14] Destroying Demuxer
[0m[32m[2026-04-24 17:25:19.645] [INFO ] [demuxer.cc:50] Closing demuxer
[0m[       OK ] DecoderTest.OpenVideoDecoder (10 ms)
[----------] 1 test from DecoderTest (10 ms total)

[----------] Global test environment tear-down
[==========] 1 test from 1 test suite ran. (10 ms total)
[  PASSED  ] 1 test.
<end of output>
Test time =   0.03 sec
----------------------------------------------------------
Test Passed.
"DecoderTest.OpenVideoDecoder" end time: Apr 24 17:25 CST
"DecoderTest.OpenVideoDecoder" time elapsed: 00:00:00
----------------------------------------------------------

6/15 Testing: DecoderTest.OpenAudioDecoder
6/15 Test: DecoderTest.OpenAudioDecoder
Command: "/home/gew/work/tutorial/Audio-Video-Player/build/tests/av_player_tests" "--gtest_filter=DecoderTest.OpenAudioDecoder" "--gtest_also_run_disabled_tests"
Directory: /home/gew/work/tutorial/Audio-Video-Player/build/tests
"DecoderTest.OpenAudioDecoder" start time: Apr 24 17:25 CST
Output:
----------------------------------------------------------
Running main() from /home/gew/work/tutorial/Audio-Video-Player/build/_deps/googletest-src/googletest/src/gtest_main.cc
Note: Google Test filter = DecoderTest.OpenAudioDecoder
[==========] Running 1 test from 1 test suite.
[----------] Global test environment set-up.
[----------] 1 test from DecoderTest
[ RUN      ] DecoderTest.OpenAudioDecoder
[32m[2026-04-24 17:25:19.669] [INFO ] [demuxer.cc:19] Opening media file: ../../assets/LA.mp4
[0m[32m[2026-04-24 17:25:19.678] [INFO ] [demuxer.cc:37] Found video stream at index 0
[0m[32m[2026-04-24 17:25:19.678] [INFO ] [demuxer.cc:43] Found audio stream at index 1
[0m[32m[2026-04-24 17:25:19.679] [INFO ] [decoder.cc:71] Audio decoder initialized: 48000Hz, 2 channels, Format: fltp
[0m[32m[2026-04-24 17:25:19.679] [INFO ] [decoder.cc:15] Destroying Decoder
[0m[32m[2026-04-24 17:25:19.679] [INFO ] [decoder.cc:83] Closing decoder
[0m[32m[2026-04-24 17:25:19.679] [INFO ] [demuxer.cc:14] Destroying Demuxer
[0m[32m[2026-04-24 17:25:19.679] [INFO ] [demuxer.cc:50] Closing demuxer
[0m[       OK ] DecoderTest.OpenAudioDecoder (9 ms)
[----------] 1 test from DecoderTest (9 ms total)

[----------] Global test environment tear-down
[==========] 1 test from 1 test suite ran. (9 ms total)
[  PASSED  ] 1 test.
<end of output>
Test time =   0.03 sec
----------------------------------------------------------
Test Passed.
"DecoderTest.OpenAudioDecoder" end time: Apr 24 17:25 CST
"DecoderTest.OpenAudioDecoder" time elapsed: 00:00:00
----------------------------------------------------------

7/15 Testing: DecoderTest.DecodeVideoFramesPipeline
7/15 Test: DecoderTest.DecodeVideoFramesPipeline
Command: "/home/gew/work/tutorial/Audio-Video-Player/build/tests/av_player_tests" "--gtest_filter=DecoderTest.DecodeVideoFramesPipeline" "--gtest_also_run_disabled_tests"
Directory: /home/gew/work/tutorial/Audio-Video-Player/build/tests
"DecoderTest.DecodeVideoFramesPipeline" start time: Apr 24 17:25 CST
Output:
----------------------------------------------------------
Running main() from /home/gew/work/tutorial/Audio-Video-Player/build/_deps/googletest-src/googletest/src/gtest_main.cc
Note: Google Test filter = DecoderTest.DecodeVideoFramesPipeline
[==========] Running 1 test from 1 test suite.
[----------] Global test environment set-up.
[----------] 1 test from DecoderTest
[ RUN      ] DecoderTest.DecodeVideoFramesPipeline
[32m[2026-04-24 17:25:19.705] [INFO ] [demuxer.cc:19] Opening media file: ../../assets/LA.mp4
[0m[32m[2026-04-24 17:25:19.715] [INFO ] [demuxer.cc:37] Found video stream at index 0
[0m[32m[2026-04-24 17:25:19.715] [INFO ] [demuxer.cc:43] Found audio stream at index 1
[0m[32m[2026-04-24 17:25:19.715] [INFO ] [decoder.cc:61] Video decoder initialized: 1920x1080, Pixel format: yuv420p
[0m[32m[2026-04-24 17:25:19.749] [INFO ] [decoder_test.cc:104] Successfully decoded video frame 1 [PTS: 0]
[0m[32m[2026-04-24 17:25:19.754] [INFO ] [decoder_test.cc:104] Successfully decoded video frame 2 [PTS: 528]
[0m[32m[2026-04-24 17:25:19.759] [INFO ] [decoder_test.cc:104] Successfully decoded video frame 3 [PTS: 1072]
[0m[32m[2026-04-24 17:25:19.763] [INFO ] [decoder_test.cc:104] Successfully decoded video frame 4 [PTS: 1600]
[0m[32m[2026-04-24 17:25:19.766] [INFO ] [decoder_test.cc:104] Successfully decoded video frame 5 [PTS: 2128]
[0m[32m[2026-04-24 17:25:19.766] [INFO ] [decoder.cc:15] Destroying Decoder
[0m[32m[2026-04-24 17:25:19.766] [INFO ] [decoder.cc:83] Closing decoder
[0m[32m[2026-04-24 17:25:19.767] [INFO ] [demuxer.cc:14] Destroying Demuxer
[0m[32m[2026-04-24 17:25:19.767] [INFO ] [demuxer.cc:50] Closing demuxer
[0m[       OK ] DecoderTest.DecodeVideoFramesPipeline (62 ms)
[----------] 1 test from DecoderTest (62 ms total)

[----------] Global test environment tear-down
[==========] 1 test from 1 test suite ran. (62 ms total)
[  PASSED  ] 1 test.
<end of output>
Test time =   0.09 sec
----------------------------------------------------------
Test Passed.
"DecoderTest.DecodeVideoFramesPipeline" end time: Apr 24 17:25 CST
"DecoderTest.DecodeVideoFramesPipeline" time elapsed: 00:00:00
----------------------------------------------------------

8/15 Testing: DecoderTest.FlushDecoderAfterSeek
8/15 Test: DecoderTest.FlushDecoderAfterSeek
Command: "/home/gew/work/tutorial/Audio-Video-Player/build/tests/av_player_tests" "--gtest_filter=DecoderTest.FlushDecoderAfterSeek" "--gtest_also_run_disabled_tests"
Directory: /home/gew/work/tutorial/Audio-Video-Player/build/tests
"DecoderTest.FlushDecoderAfterSeek" start time: Apr 24 17:25 CST
Output:
----------------------------------------------------------
Running main() from /home/gew/work/tutorial/Audio-Video-Player/build/_deps/googletest-src/googletest/src/gtest_main.cc
Note: Google Test filter = DecoderTest.FlushDecoderAfterSeek
[==========] Running 1 test from 1 test suite.
[----------] Global test environment set-up.
[----------] 1 test from DecoderTest
[ RUN      ] DecoderTest.FlushDecoderAfterSeek
[32m[2026-04-24 17:25:19.797] [INFO ] [demuxer.cc:19] Opening media file: ../../assets/LA.mp4
[0m[32m[2026-04-24 17:25:19.806] [INFO ] [demuxer.cc:37] Found video stream at index 0
[0m[32m[2026-04-24 17:25:19.806] [INFO ] [demuxer.cc:43] Found audio stream at index 1
[0m[32m[2026-04-24 17:25:19.807] [INFO ] [decoder.cc:61] Video decoder initialized: 1920x1080, Pixel format: yuv420p
[0m[35m[2026-04-24 17:25:19.878] [DEBUG] [demuxer.cc:114] Seeking to 5000000us (target: 80000)
[0m[32m[2026-04-24 17:25:19.879] [INFO ] [decoder.cc:90] Flushing decoder internal buffers
[0m[32m[2026-04-24 17:25:19.879] [INFO ] [decoder_test.cc:138] Decoder flushed successfully after seek
[0m[32m[2026-04-24 17:25:19.902] [INFO ] [decoder.cc:15] Destroying Decoder
[0m[32m[2026-04-24 17:25:19.902] [INFO ] [decoder.cc:83] Closing decoder
[0m[32m[2026-04-24 17:25:19.903] [INFO ] [demuxer.cc:14] Destroying Demuxer
[0m[32m[2026-04-24 17:25:19.903] [INFO ] [demuxer.cc:50] Closing demuxer
[0m[       OK ] DecoderTest.FlushDecoderAfterSeek (106 ms)
[----------] 1 test from DecoderTest (106 ms total)

[----------] Global test environment tear-down
[==========] 1 test from 1 test suite ran. (106 ms total)
[  PASSED  ] 1 test.
<end of output>
Test time =   0.14 sec
----------------------------------------------------------
Test Passed.
"DecoderTest.FlushDecoderAfterSeek" end time: Apr 24 17:25 CST
"DecoderTest.FlushDecoderAfterSeek" time elapsed: 00:00:00
----------------------------------------------------------

9/15 Testing: AVReaderTest.OpenAndCheckStreams
9/15 Test: AVReaderTest.OpenAndCheckStreams
Command: "/home/gew/work/tutorial/Audio-Video-Player/build/tests/av_player_tests" "--gtest_filter=AVReaderTest.OpenAndCheckStreams" "--gtest_also_run_disabled_tests"
Directory: /home/gew/work/tutorial/Audio-Video-Player/build/tests
"AVReaderTest.OpenAndCheckStreams" start time: Apr 24 17:25 CST
Output:
----------------------------------------------------------
Running main() from /home/gew/work/tutorial/Audio-Video-Player/build/_deps/googletest-src/googletest/src/gtest_main.cc
Note: Google Test filter = AVReaderTest.OpenAndCheckStreams
[==========] Running 1 test from 1 test suite.
[----------] Global test environment set-up.
[----------] 1 test from AVReaderTest
[ RUN      ] AVReaderTest.OpenAndCheckStreams
[32m[2026-04-24 17:25:19.923] [INFO ] [av_reader.cc:13] AVReader created. Video Queue: 200, Audio Queue: 500
[0m[32m[2026-04-24 17:25:19.923] [INFO ] [demuxer.cc:19] Opening media file: ../../assets/LA.mp4
[0m[32m[2026-04-24 17:25:19.933] [INFO ] [demuxer.cc:37] Found video stream at index 0
[0m[32m[2026-04-24 17:25:19.933] [INFO ] [demuxer.cc:43] Found audio stream at index 1
[0m[32m[2026-04-24 17:25:19.933] [INFO ] [av_reader.cc:29] AVReader successfully opened: ../../assets/LA.mp4
[0m[32m[2026-04-24 17:25:19.933] [INFO ] [av_reader_test.cc:31] File duration: 85226333 us
[0m[32m[2026-04-24 17:25:19.933] [INFO ] [av_reader.cc:18] Destroying AVReader
[0m[32m[2026-04-24 17:25:19.933] [INFO ] [demuxer.cc:50] Closing demuxer
[0m[32m[2026-04-24 17:25:19.933] [INFO ] [av_reader.cc:39] AVReader closed
[0m[32m[2026-04-24 17:25:19.933] [INFO ] [demuxer.cc:14] Destroying Demuxer
[0m[32m[2026-04-24 17:25:19.933] [INFO ] [demuxer.cc:50] Closing demuxer
[0m[       OK ] AVReaderTest.OpenAndCheckStreams (10 ms)
[----------] 1 test from AVReaderTest (10 ms total)

[----------] Global test environment tear-down
[==========] 1 test from 1 test suite ran. (10 ms total)
[  PASSED  ] 1 test.
<end of output>
Test time =   0.03 sec
----------------------------------------------------------
Test Passed.
"AVReaderTest.OpenAndCheckStreams" end time: Apr 24 17:25 CST
"AVReaderTest.OpenAndCheckStreams" time elapsed: 00:00:00
----------------------------------------------------------

10/15 Testing: AVReaderTest.PullPacketsFlow
10/15 Test: AVReaderTest.PullPacketsFlow
Command: "/home/gew/work/tutorial/Audio-Video-Player/build/tests/av_player_tests" "--gtest_filter=AVReaderTest.PullPacketsFlow" "--gtest_also_run_disabled_tests"
Directory: /home/gew/work/tutorial/Audio-Video-Player/build/tests
"AVReaderTest.PullPacketsFlow" start time: Apr 24 17:25 CST
Output:
----------------------------------------------------------
Running main() from /home/gew/work/tutorial/Audio-Video-Player/build/_deps/googletest-src/googletest/src/gtest_main.cc
Note: Google Test filter = AVReaderTest.PullPacketsFlow
[==========] Running 1 test from 1 test suite.
[----------] Global test environment set-up.
[----------] 1 test from AVReaderTest
[ RUN      ] AVReaderTest.PullPacketsFlow
[32m[2026-04-24 17:25:19.954] [INFO ] [av_reader.cc:13] AVReader created. Video Queue: 200, Audio Queue: 500
[0m[32m[2026-04-24 17:25:19.954] [INFO ] [demuxer.cc:19] Opening media file: ../../assets/LA.mp4
[0m[32m[2026-04-24 17:25:19.964] [INFO ] [demuxer.cc:37] Found video stream at index 0
[0m[32m[2026-04-24 17:25:19.964] [INFO ] [demuxer.cc:43] Found audio stream at index 1
[0m[32m[2026-04-24 17:25:19.964] [INFO ] [av_reader.cc:29] AVReader successfully opened: ../../assets/LA.mp4
[0m[32m[2026-04-24 17:25:19.964] [INFO ] [av_reader.cc:45] Starting AVReader thread...
[0m[32m[2026-04-24 17:25:19.964] [INFO ] [av_reader_test.cc:42] AVReader started, pulling packets...
[0m[32m[2026-04-24 17:25:19.964] [INFO ] [av_reader.cc:104] AVReader background thread running
[0m[32m[2026-04-24 17:25:19.964] [INFO ] [av_reader.cc:57] Stopping AVReader thread...
[0m[32m[2026-04-24 17:25:19.964] [INFO ] [av_reader.cc:141] AVReader background thread exited
[0m[32m[2026-04-24 17:25:19.964] [INFO ] [av_reader_test.cc:66] AVReader stopped cleanly
[0m[32m[2026-04-24 17:25:19.964] [INFO ] [av_reader.cc:18] Destroying AVReader
[0m[32m[2026-04-24 17:25:19.964] [INFO ] [demuxer.cc:50] Closing demuxer
[0m[32m[2026-04-24 17:25:19.965] [INFO ] [av_reader.cc:39] AVReader closed
[0m[32m[2026-04-24 17:25:19.965] [INFO ] [demuxer.cc:14] Destroying Demuxer
[0m[32m[2026-04-24 17:25:19.965] [INFO ] [demuxer.cc:50] Closing demuxer
[0m[       OK ] AVReaderTest.PullPacketsFlow (10 ms)
[----------] 1 test from AVReaderTest (10 ms total)

[----------] Global test environment tear-down
[==========] 1 test from 1 test suite ran. (10 ms total)
[  PASSED  ] 1 test.
<end of output>
Test time =   0.03 sec
----------------------------------------------------------
Test Passed.
"AVReaderTest.PullPacketsFlow" end time: Apr 24 17:25 CST
"AVReaderTest.PullPacketsFlow" time elapsed: 00:00:00
----------------------------------------------------------

11/15 Testing: AVReaderTest.BackpressureAndBlock
11/15 Test: AVReaderTest.BackpressureAndBlock
Command: "/home/gew/work/tutorial/Audio-Video-Player/build/tests/av_player_tests" "--gtest_filter=AVReaderTest.BackpressureAndBlock" "--gtest_also_run_disabled_tests"
Directory: /home/gew/work/tutorial/Audio-Video-Player/build/tests
"AVReaderTest.BackpressureAndBlock" start time: Apr 24 17:25 CST
Output:
----------------------------------------------------------
Running main() from /home/gew/work/tutorial/Audio-Video-Player/build/_deps/googletest-src/googletest/src/gtest_main.cc
Note: Google Test filter = AVReaderTest.BackpressureAndBlock
[==========] Running 1 test from 1 test suite.
[----------] Global test environment set-up.
[----------] 1 test from AVReaderTest
[ RUN      ] AVReaderTest.BackpressureAndBlock
[32m[2026-04-24 17:25:19.987] [INFO ] [av_reader.cc:13] AVReader created. Video Queue: 5, Audio Queue: 5
[0m[32m[2026-04-24 17:25:19.987] [INFO ] [demuxer.cc:19] Opening media file: ../../assets/LA.mp4
[0m[32m[2026-04-24 17:25:19.996] [INFO ] [demuxer.cc:37] Found video stream at index 0
[0m[32m[2026-04-24 17:25:19.996] [INFO ] [demuxer.cc:43] Found audio stream at index 1
[0m[32m[2026-04-24 17:25:19.996] [INFO ] [av_reader.cc:29] AVReader successfully opened: ../../assets/LA.mp4
[0m[32m[2026-04-24 17:25:19.996] [INFO ] [av_reader.cc:45] Starting AVReader thread...
[0m[32m[2026-04-24 17:25:19.996] [INFO ] [av_reader.cc:104] AVReader background thread running
[0m[32m[2026-04-24 17:25:20.197] [INFO ] [av_reader_test.cc:80] Queues should be full and thread sleeping now.
[0m[32m[2026-04-24 17:25:20.197] [INFO ] [av_reader.cc:57] Stopping AVReader thread...
[0m[32m[2026-04-24 17:25:20.197] [INFO ] [av_reader.cc:141] AVReader background thread exited
[0m[32m[2026-04-24 17:25:20.197] [INFO ] [av_reader.cc:18] Destroying AVReader
[0m[32m[2026-04-24 17:25:20.197] [INFO ] [demuxer.cc:50] Closing demuxer
[0m[32m[2026-04-24 17:25:20.197] [INFO ] [av_reader.cc:39] AVReader closed
[0m[32m[2026-04-24 17:25:20.197] [INFO ] [demuxer.cc:14] Destroying Demuxer
[0m[32m[2026-04-24 17:25:20.197] [INFO ] [demuxer.cc:50] Closing demuxer
[0m[       OK ] AVReaderTest.BackpressureAndBlock (209 ms)
[----------] 1 test from AVReaderTest (209 ms total)

[----------] Global test environment tear-down
[==========] 1 test from 1 test suite ran. (209 ms total)
[  PASSED  ] 1 test.
<end of output>
Test time =   0.23 sec
----------------------------------------------------------
Test Passed.
"AVReaderTest.BackpressureAndBlock" end time: Apr 24 17:25 CST
"AVReaderTest.BackpressureAndBlock" time elapsed: 00:00:00
----------------------------------------------------------

12/15 Testing: AVReaderTest.SeekClearsQueue
12/15 Test: AVReaderTest.SeekClearsQueue
Command: "/home/gew/work/tutorial/Audio-Video-Player/build/tests/av_player_tests" "--gtest_filter=AVReaderTest.SeekClearsQueue" "--gtest_also_run_disabled_tests"
Directory: /home/gew/work/tutorial/Audio-Video-Player/build/tests
"AVReaderTest.SeekClearsQueue" start time: Apr 24 17:25 CST
Output:
----------------------------------------------------------
Running main() from /home/gew/work/tutorial/Audio-Video-Player/build/_deps/googletest-src/googletest/src/gtest_main.cc
Note: Google Test filter = AVReaderTest.SeekClearsQueue
[==========] Running 1 test from 1 test suite.
[----------] Global test environment set-up.
[----------] 1 test from AVReaderTest
[ RUN      ] AVReaderTest.SeekClearsQueue
[32m[2026-04-24 17:25:20.215] [INFO ] [av_reader.cc:13] AVReader created. Video Queue: 200, Audio Queue: 500
[0m[32m[2026-04-24 17:25:20.215] [INFO ] [demuxer.cc:19] Opening media file: ../../assets/LA.mp4
[0m[32m[2026-04-24 17:25:20.225] [INFO ] [demuxer.cc:37] Found video stream at index 0
[0m[32m[2026-04-24 17:25:20.225] [INFO ] [demuxer.cc:43] Found audio stream at index 1
[0m[32m[2026-04-24 17:25:20.225] [INFO ] [av_reader.cc:29] AVReader successfully opened: ../../assets/LA.mp4
[0m[32m[2026-04-24 17:25:20.225] [INFO ] [av_reader.cc:45] Starting AVReader thread...
[0m[32m[2026-04-24 17:25:20.225] [INFO ] [av_reader.cc:104] AVReader background thread running
[0m[32m[2026-04-24 17:25:20.225] [INFO ] [av_reader.cc:75] AVReader seeking to 5000000 us
[0m[35m[2026-04-24 17:25:20.246] [DEBUG] [demuxer.cc:114] Seeking to 5000000us (target: 80000)
[0m[32m[2026-04-24 17:25:20.256] [INFO ] [av_reader_test.cc:108] Seek Test Passed. Initial PTS: 0 -> Seek PTS: 80000
[0m[32m[2026-04-24 17:25:20.256] [INFO ] [av_reader.cc:57] Stopping AVReader thread...
[0m[32m[2026-04-24 17:25:20.256] [INFO ] [av_reader.cc:141] AVReader background thread exited
[0m[32m[2026-04-24 17:25:20.256] [INFO ] [av_reader.cc:18] Destroying AVReader
[0m[32m[2026-04-24 17:25:20.256] [INFO ] [demuxer.cc:50] Closing demuxer
[0m[32m[2026-04-24 17:25:20.256] [INFO ] [av_reader.cc:39] AVReader closed
[0m[32m[2026-04-24 17:25:20.256] [INFO ] [demuxer.cc:14] Destroying Demuxer
[0m[32m[2026-04-24 17:25:20.256] [INFO ] [demuxer.cc:50] Closing demuxer
[0m[       OK ] AVReaderTest.SeekClearsQueue (41 ms)
[----------] 1 test from AVReaderTest (41 ms total)

[----------] Global test environment tear-down
[==========] 1 test from 1 test suite ran. (41 ms total)
[  PASSED  ] 1 test.
<end of output>
Test time =   0.06 sec
----------------------------------------------------------
Test Passed.
"AVReaderTest.SeekClearsQueue" end time: Apr 24 17:25 CST
"AVReaderTest.SeekClearsQueue" time elapsed: 00:00:00
----------------------------------------------------------

13/15 Testing: GLRendererTest.PlayVideoContent
13/15 Test: GLRendererTest.PlayVideoContent
Command: "/home/gew/work/tutorial/Audio-Video-Player/build/tests/av_player_tests" "--gtest_filter=GLRendererTest.PlayVideoContent" "--gtest_also_run_disabled_tests"
Directory: /home/gew/work/tutorial/Audio-Video-Player/build/tests
"GLRendererTest.PlayVideoContent" start time: Apr 24 17:25 CST
Output:
----------------------------------------------------------
Running main() from /home/gew/work/tutorial/Audio-Video-Player/build/_deps/googletest-src/googletest/src/gtest_main.cc
Note: Google Test filter = GLRendererTest.PlayVideoContent
[==========] Running 1 test from 1 test suite.
[----------] Global test environment set-up.
[----------] 1 test from GLRendererTest
[ RUN      ] GLRendererTest.PlayVideoContent
[32m[2026-04-24 17:25:20.278] [INFO ] [av_reader.cc:13] AVReader created. Video Queue: 200, Audio Queue: 500
[0m[32m[2026-04-24 17:25:20.278] [INFO ] [demuxer.cc:19] Opening media file: ../../assets/LA.mp4
[0m[32m[2026-04-24 17:25:20.288] [INFO ] [demuxer.cc:37] Found video stream at index 0
[0m[32m[2026-04-24 17:25:20.288] [INFO ] [demuxer.cc:43] Found audio stream at index 1
[0m[32m[2026-04-24 17:25:20.288] [INFO ] [av_reader.cc:29] AVReader successfully opened: ../../assets/LA.mp4
[0m[32m[2026-04-24 17:25:20.288] [INFO ] [av_reader.cc:45] Starting AVReader thread...
[0m[32m[2026-04-24 17:25:20.288] [INFO ] [av_reader.cc:104] AVReader background thread running
[0m[32m[2026-04-24 17:25:20.288] [INFO ] [decoder.cc:61] Video decoder initialized: 1920x1080, Pixel format: yuv420p
[0m[32m[2026-04-24 17:25:20.288] [INFO ] [gl_renderer_test.cc:34] Video resolution: 1920x1080
[0m[32m[2026-04-24 17:25:20.288] [INFO ] [gl_renderer.cc:74] Initializing GL renderer with 1920x1080
[0m[32m[2026-04-24 17:25:20.393] [INFO ] [gl_renderer_test.cc:40] Starting video playback test (approx 3 seconds)...
[0m[32m[2026-04-24 17:25:24.111] [INFO ] [gl_renderer_test.cc:73] Rendered 100 frames. Test finished.
[0m[32m[2026-04-24 17:25:24.111] [INFO ] [av_reader.cc:57] Stopping AVReader thread...
[0m[32m[2026-04-24 17:25:24.112] [INFO ] [av_reader.cc:141] AVReader background thread exited
[0m[32m[2026-04-24 17:25:24.121] [INFO ] [decoder.cc:15] Destroying Decoder
[0m[32m[2026-04-24 17:25:24.121] [INFO ] [decoder.cc:83] Closing decoder
[0m[32m[2026-04-24 17:25:24.122] [INFO ] [av_reader.cc:18] Destroying AVReader
[0m[32m[2026-04-24 17:25:24.122] [INFO ] [demuxer.cc:50] Closing demuxer
[0m[32m[2026-04-24 17:25:24.122] [INFO ] [av_reader.cc:39] AVReader closed
[0m[32m[2026-04-24 17:25:24.122] [INFO ] [demuxer.cc:14] Destroying Demuxer
[0m[32m[2026-04-24 17:25:24.122] [INFO ] [demuxer.cc:50] Closing demuxer
[0m[       OK ] GLRendererTest.PlayVideoContent (3844 ms)
[----------] 1 test from GLRendererTest (3844 ms total)

[----------] Global test environment tear-down
[==========] 1 test from 1 test suite ran. (3844 ms total)
[  PASSED  ] 1 test.
<end of output>
Test time =   3.87 sec
----------------------------------------------------------
Test Passed.
"GLRendererTest.PlayVideoContent" end time: Apr 24 17:25 CST
"GLRendererTest.PlayVideoContent" time elapsed: 00:00:03
----------------------------------------------------------

14/15 Testing: AudioPlayerTest.PlayAudioContent
14/15 Test: AudioPlayerTest.PlayAudioContent
Command: "/home/gew/work/tutorial/Audio-Video-Player/build/tests/av_player_tests" "--gtest_filter=AudioPlayerTest.PlayAudioContent" "--gtest_also_run_disabled_tests"
Directory: /home/gew/work/tutorial/Audio-Video-Player/build/tests
"AudioPlayerTest.PlayAudioContent" start time: Apr 24 17:25 CST
Output:
----------------------------------------------------------
Running main() from /home/gew/work/tutorial/Audio-Video-Player/build/_deps/googletest-src/googletest/src/gtest_main.cc
Note: Google Test filter = AudioPlayerTest.PlayAudioContent
[==========] Running 1 test from 1 test suite.
[----------] Global test environment set-up.
[----------] 1 test from AudioPlayerTest
[ RUN      ] AudioPlayerTest.PlayAudioContent
[32m[2026-04-24 17:25:24.150] [INFO ] [av_reader.cc:13] AVReader created. Video Queue: 200, Audio Queue: 500
[0m[32m[2026-04-24 17:25:24.150] [INFO ] [demuxer.cc:19] Opening media file: ../../assets/LA.mp4
[0m[32m[2026-04-24 17:25:24.162] [INFO ] [demuxer.cc:37] Found video stream at index 0
[0m[32m[2026-04-24 17:25:24.162] [INFO ] [demuxer.cc:43] Found audio stream at index 1
[0m[32m[2026-04-24 17:25:24.162] [INFO ] [av_reader.cc:29] AVReader successfully opened: ../../assets/LA.mp4
[0m[32m[2026-04-24 17:25:24.162] [INFO ] [av_reader.cc:45] Starting AVReader thread...
[0m[32m[2026-04-24 17:25:24.162] [INFO ] [av_reader.cc:104] AVReader background thread running
[0m[32m[2026-04-24 17:25:24.162] [INFO ] [decoder.cc:71] Audio decoder initialized: 48000Hz, 2 channels, Format: fltp
[0m[32m[2026-04-24 17:25:24.162] [INFO ] [audio_player.cc:20] Opening AudioPlayer. Input: 48000Hz, 2 channels
[0m[32m[2026-04-24 17:25:24.176] [INFO ] [audio_player.cc:71] AudioPlayer successfully opened
[0m[32m[2026-04-24 17:25:24.176] [INFO ] [audio_player.cc:100] Audio playback started
[0m[32m[2026-04-24 17:25:24.176] [INFO ] [audio_player_test.cc:63] Starting audio playback test (approx 5 seconds)...
[0m[32m[2026-04-24 17:25:24.176] [INFO ] [audio_player_test.cc:64] Turn on your speakers/headphones!
[0m[32m[2026-04-24 17:25:29.169] [INFO ] [audio_player_test.cc:91] Audio test finished. Final audio clock: 5.01326 seconds.
[0m[32m[2026-04-24 17:25:29.169] [INFO ] [audio_player.cc:107] Audio playback paused
[0m[32m[2026-04-24 17:25:29.169] [INFO ] [av_reader.cc:57] Stopping AVReader thread...
[0m[32m[2026-04-24 17:25:29.169] [INFO ] [av_reader.cc:141] AVReader background thread exited
[0m[32m[2026-04-24 17:25:29.169] [INFO ] [audio_player.cc:15] Destroying AudioPlayer
[0m[32m[2026-04-24 17:25:29.169] [INFO ] [audio_player.cc:107] Audio playback paused
[0m[32m[2026-04-24 17:25:29.217] [INFO ] [decoder.cc:15] Destroying Decoder
[0m[32m[2026-04-24 17:25:29.217] [INFO ] [decoder.cc:83] Closing decoder
[0m[32m[2026-04-24 17:25:29.217] [INFO ] [av_reader.cc:18] Destroying AVReader
[0m[32m[2026-04-24 17:25:29.217] [INFO ] [demuxer.cc:50] Closing demuxer
[0m[32m[2026-04-24 17:25:29.217] [INFO ] [av_reader.cc:39] AVReader closed
[0m[32m[2026-04-24 17:25:29.217] [INFO ] [demuxer.cc:14] Destroying Demuxer
[0m[32m[2026-04-24 17:25:29.217] [INFO ] [demuxer.cc:50] Closing demuxer
[0m[       OK ] AudioPlayerTest.PlayAudioContent (5067 ms)
[----------] 1 test from AudioPlayerTest (5067 ms total)

[----------] Global test environment tear-down
[==========] 1 test from 1 test suite ran. (5067 ms total)
[  PASSED  ] 1 test.
<end of output>
Test time =   5.09 sec
----------------------------------------------------------
Test Passed.
"AudioPlayerTest.PlayAudioContent" end time: Apr 24 17:25 CST
"AudioPlayerTest.PlayAudioContent" time elapsed: 00:00:05
----------------------------------------------------------

15/15 Testing: PlayerTest.FullPlaybackLifecycle
15/15 Test: PlayerTest.FullPlaybackLifecycle
Command: "/home/gew/work/tutorial/Audio-Video-Player/build/tests/av_player_tests" "--gtest_filter=PlayerTest.FullPlaybackLifecycle" "--gtest_also_run_disabled_tests"
Directory: /home/gew/work/tutorial/Audio-Video-Player/build/tests
"PlayerTest.FullPlaybackLifecycle" start time: Apr 24 17:25 CST
Output:
----------------------------------------------------------
Running main() from /home/gew/work/tutorial/Audio-Video-Player/build/_deps/googletest-src/googletest/src/gtest_main.cc
Note: Google Test filter = PlayerTest.FullPlaybackLifecycle
[==========] Running 1 test from 1 test suite.
[----------] Global test environment set-up.
[----------] 1 test from PlayerTest
[ RUN      ] PlayerTest.FullPlaybackLifecycle
[32m[2026-04-24 17:25:29.240] [INFO ] [av_reader.cc:13] AVReader created. Video Queue: 200, Audio Queue: 500
[0m[32m[2026-04-24 17:25:29.240] [INFO ] [player.cc:23] Initializing Player Engine
[0m[32m[2026-04-24 17:25:29.240] [INFO ] [player_test.cc:25] >>> Action: Open File
[0m[32m[2026-04-24 17:25:29.240] [INFO ] [player.cc:31] Player opening: ../../assets/LA.mp4
[0m[32m[2026-04-24 17:25:29.240] [INFO ] [demuxer.cc:19] Opening media file: ../../assets/LA.mp4
[0m[32m[2026-04-24 17:25:29.250] [INFO ] [demuxer.cc:37] Found video stream at index 0
[0m[32m[2026-04-24 17:25:29.250] [INFO ] [demuxer.cc:43] Found audio stream at index 1
[0m[32m[2026-04-24 17:25:29.250] [INFO ] [av_reader.cc:29] AVReader successfully opened: ../../assets/LA.mp4
[0m[32m[2026-04-24 17:25:29.250] [INFO ] [decoder.cc:61] Video decoder initialized: 1920x1080, Pixel format: yuv420p
[0m[32m[2026-04-24 17:25:29.250] [INFO ] [gl_renderer.cc:74] Initializing GL renderer with 1920x1080
[0m[32m[2026-04-24 17:25:29.369] [INFO ] [decoder.cc:71] Audio decoder initialized: 48000Hz, 2 channels, Format: fltp
[0m[32m[2026-04-24 17:25:29.369] [INFO ] [audio_player.cc:20] Opening AudioPlayer. Input: 48000Hz, 2 channels
[0m[32m[2026-04-24 17:25:29.389] [INFO ] [audio_player.cc:71] AudioPlayer successfully opened
[0m[32m[2026-04-24 17:25:29.389] [INFO ] [av_reader.cc:45] Starting AVReader thread...
[0m[32m[2026-04-24 17:25:29.389] [INFO ] [av_reader.cc:104] AVReader background thread running
[0m[32m[2026-04-24 17:25:29.389] [INFO ] [player.cc:83] Player initialization complete
[0m[32m[2026-04-24 17:25:29.389] [INFO ] [player_test.cc:27] Video duration: 85.2263 seconds
[0m[32m[2026-04-24 17:25:29.389] [INFO ] [player_test.cc:60] >>> Action: Play
[0m[32m[2026-04-24 17:25:29.389] [INFO ] [audio_player.cc:100] Audio playback started
[0m[32m[2026-04-24 17:25:29.389] [INFO ] [player_test.cc:41] [UI State] Player state changed to: Playing
[0m[32m[2026-04-24 17:25:29.389] [INFO ] [player.cc:197] Video decode & render loop started
[0m[32m[2026-04-24 17:25:29.389] [INFO ] [player.cc:168] Audio decode loop started
[0m[32m[2026-04-24 17:25:29.428] [INFO ] [player_test.cc:33] [UI ProgressBar] Progress: 0s / 85s
[0m[32m[2026-04-24 17:25:30.409] [INFO ] [player_test.cc:33] [UI ProgressBar] Progress: 1s / 85s
[0m[32m[2026-04-24 17:25:31.426] [INFO ] [player_test.cc:33] [UI ProgressBar] Progress: 2s / 85s
[0m[32m[2026-04-24 17:25:32.409] [INFO ] [player_test.cc:33] [UI ProgressBar] Progress: 3s / 85s
[0m[32m[2026-04-24 17:25:33.391] [INFO ] [player_test.cc:66] >>> Action: Pause
[0m[32m[2026-04-24 17:25:33.391] [INFO ] [audio_player.cc:107] Audio playback paused
[0m[32m[2026-04-24 17:25:33.391] [INFO ] [player_test.cc:41] [UI State] Player state changed to: Paused
[0m[32m[2026-04-24 17:25:33.423] [INFO ] [player_test.cc:33] [UI ProgressBar] Progress: 4s / 85s
[0m[32m[2026-04-24 17:25:35.400] [INFO ] [player_test.cc:72] >>> Action: Seek to 10.0s
[0m[32m[2026-04-24 17:25:35.401] [INFO ] [player.cc:135] Seeking to 10s
[0m[32m[2026-04-24 17:25:35.401] [INFO ] [av_reader.cc:75] AVReader seeking to 10000000 us
[0m[32m[2026-04-24 17:25:35.421] [INFO ] [decoder.cc:90] Flushing decoder internal buffers
[0m[32m[2026-04-24 17:25:35.421] [INFO ] [decoder.cc:90] Flushing decoder internal buffers
[0m[32m[2026-04-24 17:25:35.421] [INFO ] [audio_player.cc:107] Audio playback paused
[0m[32m[2026-04-24 17:25:35.421] [INFO ] [player_test.cc:75] >>> Action: Set Volume to 50% and Resume
[0m[32m[2026-04-24 17:25:35.421] [INFO ] [audio_player.cc:204] Audio volume set to: 50%
[0m[32m[2026-04-24 17:25:35.421] [INFO ] [audio_player.cc:100] Audio playback started
[0m[32m[2026-04-24 17:25:35.421] [INFO ] [player_test.cc:41] [UI State] Player state changed to: Playing
[0m[h264 @ 0x624765696c00] co located POCs unavailable
[h264 @ 0x624765696c00] mmco: unref short failure
[h264 @ 0x624765696c00] number of reference frames (0+7) exceeds max (6; probably corrupt input), discarding one
[32m[2026-04-24 17:25:35.458] [INFO ] [player_test.cc:33] [UI ProgressBar] Progress: 10s / 85s
[0m[32m[2026-04-24 17:25:36.457] [INFO ] [player_test.cc:33] [UI ProgressBar] Progress: 11s / 85s
[0m[32m[2026-04-24 17:25:37.416] [INFO ] [player_test.cc:33] [UI ProgressBar] Progress: 12s / 85s
[0m[32m[2026-04-24 17:25:38.458] [INFO ] [player_test.cc:33] [UI ProgressBar] Progress: 13s / 85s
[0m[32m[2026-04-24 17:25:39.421] [INFO ] [player_test.cc:82] >>> Action: Stop
[0m[32m[2026-04-24 17:25:39.421] [INFO ] [audio_player.cc:107] Audio playback paused
[0m[32m[2026-04-24 17:25:39.421] [INFO ] [player_test.cc:41] [UI State] Player state changed to: Stopped
[0m[32m[2026-04-24 17:25:39.421] [INFO ] [player.cc:26] Destroying Player Engine
[0m[32m[2026-04-24 17:25:39.421] [INFO ] [audio_player.cc:107] Audio playback paused
[0m[32m[2026-04-24 17:25:39.421] [INFO ] [av_reader.cc:57] Stopping AVReader thread...
[0m[32m[2026-04-24 17:25:39.421] [INFO ] [player.cc:190] Audio decode loop exited
[0m[32m[2026-04-24 17:25:39.422] [INFO ] [av_reader.cc:141] AVReader background thread exited
[0m[32m[2026-04-24 17:25:39.446] [INFO ] [player_test.cc:33] [UI ProgressBar] Progress: 14s / 85s
[0m[32m[2026-04-24 17:25:39.447] [INFO ] [player.cc:269] Video decode & render loop exited
[0m[32m[2026-04-24 17:25:39.447] [INFO ] [demuxer.cc:50] Closing demuxer
[0m[32m[2026-04-24 17:25:39.447] [INFO ] [av_reader.cc:39] AVReader closed
[0m[32m[2026-04-24 17:25:39.447] [INFO ] [decoder.cc:83] Closing decoder
[0m[32m[2026-04-24 17:25:39.449] [INFO ] [decoder.cc:83] Closing decoder
[0m[32m[2026-04-24 17:25:39.455] [INFO ] [audio_player.cc:107] Audio playback paused
[0m[32m[2026-04-24 17:25:39.499] [INFO ] [audio_player.cc:15] Destroying AudioPlayer
[0m[32m[2026-04-24 17:25:39.499] [INFO ] [decoder.cc:15] Destroying Decoder
[0m[32m[2026-04-24 17:25:39.499] [INFO ] [decoder.cc:15] Destroying Decoder
[0m[32m[2026-04-24 17:25:39.499] [INFO ] [av_reader.cc:18] Destroying AVReader
[0m[32m[2026-04-24 17:25:39.499] [INFO ] [demuxer.cc:50] Closing demuxer
[0m[32m[2026-04-24 17:25:39.499] [INFO ] [av_reader.cc:39] AVReader closed
[0m[32m[2026-04-24 17:25:39.499] [INFO ] [demuxer.cc:14] Destroying Demuxer
[0m[32m[2026-04-24 17:25:39.499] [INFO ] [demuxer.cc:50] Closing demuxer
[0m[       OK ] PlayerTest.FullPlaybackLifecycle (10259 ms)
[----------] 1 test from PlayerTest (10259 ms total)

[----------] Global test environment tear-down
[==========] 1 test from 1 test suite ran. (10259 ms total)
[  PASSED  ] 1 test.
<end of output>
Test time =  10.29 sec
----------------------------------------------------------
Test Passed.
"PlayerTest.FullPlaybackLifecycle" end time: Apr 24 17:25 CST
"PlayerTest.FullPlaybackLifecycle" time elapsed: 00:00:10
----------------------------------------------------------

End testing: Apr 24 17:25 CST
